<?xml version="1.0" encoding="UTF-8"?>
<!-- Generated by org.testng.reporters.JUnitXMLReporter -->
<testsuite hostname="Lumen" name="Default test" tests="4" failures="0" timestamp="19 Apr 2015 18:30:50 GMT" time="14.247" errors="0">
  <testcase name="testEmptyContactCreation" time="3.381" classname="com.example.tests.ContactCreationTests"/>
  <testcase name="testNonEmptyContactCreation" time="3.903" classname="com.example.tests.ContactCreationTests"/>
  <testcase name="testEmptyGroupCreation" time="1.433" classname="com.example.tests.GroupCreationTests"/>
  <testcase name="testNonEmptyGroupCreation" time="1.504" classname="com.example.tests.GroupCreationTests"/>
</testsuite> <!-- Default test -->
