<?xml version="1.0" encoding="UTF-8"?>
<testng-results skipped="0" failed="0" total="4" passed="4">
  <reporter-output>
  </reporter-output>
  <suite name="Default suite" duration-ms="14247" started-at="2015-04-19T18:30:36Z" finished-at="2015-04-19T18:30:50Z">
    <groups>
    </groups>
    <test name="Default test" duration-ms="14247" started-at="2015-04-19T18:30:36Z" finished-at="2015-04-19T18:30:50Z">
      <class name="com.example.tests.ContactCreationTests">
        <test-method status="PASS" signature="setUp()[pri:0, instance:com.example.tests.ContactCreationTests@2d6a9952]" name="setUp" is-config="true" duration-ms="3810" started-at="2015-04-19T21:30:36Z" finished-at="2015-04-19T21:30:40Z">
          <reporter-output>
          </reporter-output>
        </test-method> <!-- setUp -->
        <test-method status="PASS" signature="testEmptyContactCreation()[pri:0, instance:com.example.tests.ContactCreationTests@2d6a9952]" name="testEmptyContactCreation" duration-ms="3381" started-at="2015-04-19T21:30:40Z" finished-at="2015-04-19T21:30:43Z">
          <reporter-output>
          </reporter-output>
        </test-method> <!-- testEmptyContactCreation -->
        <test-method status="PASS" signature="testNonEmptyContactCreation()[pri:0, instance:com.example.tests.ContactCreationTests@2d6a9952]" name="testNonEmptyContactCreation" duration-ms="3903" started-at="2015-04-19T21:30:43Z" finished-at="2015-04-19T21:30:47Z">
          <reporter-output>
          </reporter-output>
        </test-method> <!-- testNonEmptyContactCreation -->
        <test-method status="PASS" signature="tearDown()[pri:0, instance:com.example.tests.ContactCreationTests@2d6a9952]" name="tearDown" is-config="true" duration-ms="208" started-at="2015-04-19T21:30:50Z" finished-at="2015-04-19T21:30:50Z">
          <reporter-output>
          </reporter-output>
        </test-method> <!-- tearDown -->
      </class> <!-- com.example.tests.ContactCreationTests -->
      <class name="com.example.tests.GroupCreationTests">
        <test-method status="PASS" signature="testEmptyGroupCreation()[pri:0, instance:com.example.tests.GroupCreationTests@64c64813]" name="testEmptyGroupCreation" duration-ms="1433" started-at="2015-04-19T21:30:47Z" finished-at="2015-04-19T21:30:49Z">
          <reporter-output>
          </reporter-output>
        </test-method> <!-- testEmptyGroupCreation -->
        <test-method status="PASS" signature="testNonEmptyGroupCreation()[pri:0, instance:com.example.tests.GroupCreationTests@64c64813]" name="testNonEmptyGroupCreation" duration-ms="1504" started-at="2015-04-19T21:30:49Z" finished-at="2015-04-19T21:30:50Z">
          <reporter-output>
          </reporter-output>
        </test-method> <!-- testNonEmptyGroupCreation -->
      </class> <!-- com.example.tests.GroupCreationTests -->
    </test> <!-- Default test -->
  </suite> <!-- Default suite -->
</testng-results>
